This is pdfTeX, Version 3.14159265-2.6-1.40.19 (MiKTeX 2.9.6630 64-bit) (preloaded format=pdflatex 2018.4.6)  8 APR 2018 18:45
entering extended mode
**C:/Users/ZhuoqiQIU/Desktop/fk_paper/0.5/empiricalStudy_user.tex
(C:/Users/ZhuoqiQIU/Desktop/fk_paper/0.5/empiricalStudy_user.tex
LaTeX2e <2017-04-15>
Babel <3.18> and hyphenation patterns for 75 language(s) loaded.
! Undefined control sequence.
l.1 \section
            {Community Split?: Evidences of User Characteristics}
? 
! Emergency stop.
l.1 \section
            {Community Split?: Evidences of User Characteristics}
End of file on the terminal!

 
Here is how much of TeX's memory you used:
 8 strings out of 493305
 307 string characters out of 3128063
 53825 words of memory out of 3000000
 3658 multiletter control sequences out of 15000+200000
 3640 words of font info for 14 fonts, out of 3000000 for 9000
 1141 hyphenation exceptions out of 8191
 5i,0n,1p,128b,8s stack positions out of 5000i,500n,10000p,200000b,50000s
!  ==> Fatal error occurred, no output PDF file produced!
